[14:18:14] [ServerMain/INFO]: Environment: Environment[sessionHost=https://sessionserver.mojang.com, servicesHost=https://api.minecraftservices.com, name=PROD]
[14:18:18] [ServerMain/INFO]: Loaded 1175 recipes
[14:18:19] [ServerMain/INFO]: Loaded 1276 advancements
[14:18:20] [Server thread/INFO]: Starting minecraft server version 1.20.6
[14:18:20] [Server thread/INFO]: Loading properties
[14:18:20] [Server thread/INFO]: Default game type: SURVIVAL
[14:18:20] [Server thread/INFO]: Generating keypair
[14:18:20] [Server thread/INFO]: Starting Minecraft server on *:25565
[14:18:21] [Server thread/INFO]: Using epoll channel type
[14:18:21] [Server thread/WARN]: **** SERVER IS RUNNING IN OFFLINE/INSECURE MODE!
[14:18:21] [Server thread/WARN]: The server will make no attempt to authenticate usernames. Beware.
[14:18:21] [Server thread/WARN]: While this makes the game possible to play without internet access, it also opens up the ability for hackers to connect with any username they choose.
[14:18:21] [Server thread/WARN]: To change this, set "online-mode" to "true" in the server.properties file.
[14:18:21] [Server thread/INFO]: Preparing level "world"
[14:18:29] [Server thread/INFO]: Preparing start region for dimension minecraft:overworld
[14:18:32] [Worker-Main-1/INFO]: Preparing spawn area: 0%
[14:18:32] [Worker-Main-1/INFO]: Preparing spawn area: 0%
[14:18:32] [Worker-Main-1/INFO]: Preparing spawn area: 0%
[14:18:33] [Worker-Main-1/INFO]: Preparing spawn area: 0%
[14:18:33] [Worker-Main-1/INFO]: Preparing spawn area: 0%
[14:18:33] [Worker-Main-1/INFO]: Preparing spawn area: 0%
[14:18:33] [Worker-Main-1/INFO]: Preparing spawn area: 0%
[14:18:33] [Worker-Main-1/INFO]: Preparing spawn area: 0%
[14:18:34] [Worker-Main-1/INFO]: Preparing spawn area: 0%
[14:18:34] [Server thread/INFO]: Time elapsed: 4908 ms
[14:18:34] [Server thread/INFO]: Done (13.076s)! For help, type "help"
[14:19:33] [Server thread/INFO]: Jmat_2[/127.31.58.135:41423] logged in with entity id 3 at (663.6518587340429, 14.0, -633.8027898515396)
[14:19:33] [Server thread/INFO]: Jmat_2 joined the game
[14:19:36] [Server thread/WARN]: Can't keep up! Is the server overloaded? Running 3126ms or 62 ticks behind
[14:19:55] [Server thread/WARN]: Can't keep up! Is the server overloaded? Running 4086ms or 81 ticks behind
[14:20:24] [Server thread/WARN]: Mismatch in destroy block pos: iz{x=693, y=14, z=-630} iz{x=693, y=14, z=-629}
[14:20:24] [Server thread/WARN]: Mismatch in destroy block pos: iz{x=693, y=14, z=-630} iz{x=693, y=14, z=-629}
[14:20:24] [Server thread/WARN]: Mismatch in destroy block pos: iz{x=693, y=14, z=-630} iz{x=693, y=14, z=-629}
[14:20:24] [Server thread/WARN]: Mismatch in destroy block pos: iz{x=693, y=14, z=-630} iz{x=693, y=14, z=-629}
[14:20:24] [Server thread/WARN]: Mismatch in destroy block pos: iz{x=693, y=14, z=-630} iz{x=693, y=14, z=-629}
[14:20:24] [Server thread/WARN]: Mismatch in destroy block pos: iz{x=693, y=14, z=-630} iz{x=693, y=14, z=-629}
[14:26:20] [Server thread/WARN]: Can't keep up! Is the server overloaded? Running 2140ms or 42 ticks behind
[14:26:22] [Server thread/INFO]: Villager cmm['Villager'/4769, l='ServerLevel[world]', x=2510.70, y=22.06, z=697.70] died, message: 'Villager was squished too much'
[14:29:50] [Server thread/INFO]: Leytter[/127.194.163.136:46633] logged in with entity id 6233 at (31.875931117737537, 11.0, 86.96895367485199)
[14:29:50] [Server thread/INFO]: Leytter joined the game
[14:30:10] [Server thread/INFO]: [Not Secure] <Leytter> cords
[14:30:16] [Server thread/INFO]: [Not Secure] <Jmat_2> 315 80
[14:30:43] [Server thread/INFO]: nael_binbolo[/127.171.65.9:60479] logged in with entity id 8176 at (-41.80750073660857, 63.0, 51.277545255985196)
[14:30:43] [Server thread/INFO]: nael_binbolo joined the game
[14:30:46] [Server thread/INFO]: Jmat_2 has completed the challenge [Cover Me in Debris]
[14:31:01] [Server thread/WARN]: Mismatch in destroy block pos: iz{x=0, y=0, z=0} iz{x=-40, y=64, z=55}
[14:31:02] [Server thread/WARN]: Mismatch in destroy block pos: iz{x=0, y=0, z=0} iz{x=-40, y=63, z=55}
[14:31:04] [Server thread/WARN]: Mismatch in destroy block pos: iz{x=0, y=0, z=0} iz{x=-40, y=64, z=55}
[14:31:06] [Server thread/WARN]: Mismatch in destroy block pos: iz{x=0, y=0, z=0} iz{x=-40, y=64, z=55}
[14:31:10] [Server thread/WARN]: Mismatch in destroy block pos: iz{x=0, y=0, z=0} iz{x=-40, y=63, z=55}
[14:31:11] [Server thread/WARN]: Mismatch in destroy block pos: iz{x=0, y=0, z=0} iz{x=-40, y=64, z=55}
[14:31:11] [Server thread/WARN]: Mismatch in destroy block pos: iz{x=0, y=0, z=0} iz{x=-41, y=62, z=56}
[14:31:13] [Server thread/WARN]: Mismatch in destroy block pos: iz{x=0, y=0, z=0} iz{x=-40, y=64, z=55}
[14:31:13] [Server thread/WARN]: Mismatch in destroy block pos: iz{x=0, y=0, z=0} iz{x=-40, y=64, z=55}
[14:31:13] [Server thread/WARN]: Mismatch in destroy block pos: iz{x=0, y=0, z=0} iz{x=-41, y=62, z=53}
[14:31:13] [Server thread/INFO]: [Not Secure] <Jmat_2> 2500 670
[14:31:14] [Server thread/WARN]: Mismatch in destroy block pos: iz{x=94, y=9, z=101} iz{x=99, y=6, z=101}
[14:31:14] [Server thread/WARN]: Mismatch in destroy block pos: iz{x=0, y=0, z=0} iz{x=-40, y=64, z=55}
[14:31:19] [Server thread/WARN]: Mismatch in destroy block pos: iz{x=0, y=0, z=0} iz{x=-34, y=67, z=60}
[14:31:19] [Server thread/WARN]: Mismatch in destroy block pos: iz{x=0, y=0, z=0} iz{x=-35, y=67, z=61}
[14:31:29] [Server thread/INFO]: [Not Secure] <nael_binbolo> j
[14:32:16] [Server thread/WARN]: Jmat_2 moved too quickly! 6.06331244693547,-10.0,-1.3575649107890513
[14:33:44] [Server thread/WARN]: Can't keep up! Is the server overloaded? Running 2068ms or 41 ticks behind
[14:34:03] [Server thread/WARN]: Can't keep up! Is the server overloaded? Running 3686ms or 73 ticks behind
[14:37:32] [Server thread/INFO]: nael_binbolo lost connection: Disconnected
[14:37:32] [Server thread/INFO]: nael_binbolo left the game
[14:43:16] [Server thread/INFO]: [Not Secure] <Leytter> no tener
[14:43:51] [Server thread/INFO]: [Not Secure] <Leytter> ORO¿
[14:44:00] [Server thread/INFO]: [Not Secure] <Leytter> que traiga
[14:44:22] [Server thread/INFO]: Leytter lost connection: Timed out
[14:44:22] [Server thread/INFO]: Leytter left the game
[14:44:22] [Server thread/WARN]: handleDisconnection() called twice
[14:44:46] [Server thread/INFO]: com.mojang.authlib.GameProfile@2d86cbd7[id=da4270cf-345f-3649-a3a7-f4052c8b0676,name=Leytter,properties={}] lost connection: Timed out
[14:47:34] [Server thread/INFO]: Leytter[/127.194.163.136:42553] logged in with entity id 19797 at (2505.0100314283723, 64.0, 669.7950470746008)
[14:47:34] [Server thread/INFO]: Leytter joined the game
[14:47:35] [Server thread/WARN]: Jmat_2 moved too quickly! -15.907240996739347,-0.9359270156224397,8.976337953110487
[14:47:50] [Server thread/WARN]: Jmat_2 moved too quickly! -16.13199644746328,-2.3701133285573093,9.375078393037484
[14:48:04] [Server thread/INFO]: Leytter lost connection: Timed out
[14:48:04] [Server thread/INFO]: Leytter left the game
[14:50:56] [Server thread/INFO]: Leytter[/127.194.163.136:51063] logged in with entity id 22996 at (2505.0100314283723, 64.0, 669.7950470746008)
[14:50:56] [Server thread/INFO]: Leytter joined the game
[14:52:10] [Server thread/INFO]: Leytter lost connection: Disconnected
[14:52:10] [Server thread/INFO]: Leytter left the game
[14:56:22] [Server thread/INFO]: Leytter[/127.194.163.136:54025] logged in with entity id 25224 at (2505.0100314283723, 64.0, 669.7950470746008)
[14:56:22] [Server thread/INFO]: Leytter joined the game
[14:56:44] [Server thread/INFO]: [Not Secure] <Leytter> ?
[14:57:01] [Server thread/WARN]: Leytter moved too quickly! -10.105239976273424,0.6815583980583142,-1.0961720602568903
[14:57:05] [Server thread/WARN]: Leytter was kicked for floating too long!
[14:57:05] [Server thread/INFO]: Leytter lost connection: Flying is not enabled on this server
[14:57:05] [Server thread/INFO]: Leytter left the game
[14:57:14] [Server thread/INFO]: Leytter[/127.194.163.136:56607] logged in with entity id 26101 at (2494.1004344152993, 65.25220334025373, 671.9453205635662)
[14:57:14] [Server thread/INFO]: Leytter joined the game
[15:06:37] [Server thread/INFO]: [Not Secure] <Leytter> ?
[15:06:38] [Server thread/INFO]: [Not Secure] <Jmat_2> 2500 670
[15:06:52] [Server thread/INFO]: [Not Secure] <Leytter> 2492 671
[15:07:25] [Server thread/INFO]: Villager cmm['Villager'/26188, l='ServerLevel[world]', x=2510.70, y=22.06, z=697.70] died, message: 'Villager was squished too much'
[15:07:47] [Server thread/INFO]: [Not Secure] <Leytter> no hay un aldeano que venda polvora?
[15:09:30] [Server thread/INFO]: Leytter lost connection: Timed out
[15:09:30] [Server thread/INFO]: Leytter left the game
[15:10:02] [Server thread/INFO]: Leytter[/127.194.163.136:52425] logged in with entity id 34649 at (2518.6041295178425, 65.02442408821369, 685.2489820485748)
[15:10:02] [Server thread/INFO]: Leytter joined the game
[15:11:22] [Server thread/INFO]: [Not Secure] <Leytter> a multiplicar
[15:11:45] [Server thread/INFO]: [Not Secure] <Leytter> NO TENGO
[15:13:02] [Server thread/INFO]: [Not Secure] <Leytter> -999
[15:13:21] [Server thread/INFO]: [Not Secure] <Leytter> DIAVLO UNA SOLA
[15:13:40] [Server thread/INFO]: [Not Secure] <Leytter> TEngo 6 lingotes
[15:13:57] [Server thread/INFO]: [Not Secure] <Leytter> XD
[15:14:09] [Server thread/INFO]: [Not Secure] <Leytter> robo
[15:15:58] [Server thread/INFO]: [Not Secure] <Leytter> porq me iba a sobrar
[15:16:22] [Server thread/INFO]: Leytter has completed the challenge [Cover Me in Debris]
[15:16:48] [Server thread/INFO]: [Not Secure] <Leytter> somo rico
[15:17:09] [Server thread/INFO]: [Not Secure] <Leytter> COCINANDO arsilla?=
[15:18:06] [Server thread/INFO]: Jmat_2 has made the advancement [Crafting a New Look]
[15:18:55] [Server thread/INFO]: [Not Secure] <Leytter> con este ping
[15:19:25] [Server thread/INFO]: [Not Secure] <Leytter> haitian
[15:19:52] [Server thread/INFO]: [Not Secure] <Leytter> TORMENTA
[15:20:19] [Server thread/INFO]: [Not Secure] <Leytter> cual era el encantamiento pa que la ballesta baje
[15:20:30] [Server thread/INFO]: [Not Secure] <Leytter> me cayo uno al lado
[15:20:35] [Server thread/INFO]: [Not Secure] <Leytter> un rayo
[15:20:41] [Server thread/INFO]: [Not Secure] <Leytter> pa que tenga daño
[15:21:52] [Server thread/INFO]: Villager cmm['Fletcher'/26395, l='ServerLevel[world]', x=2560.50, y=64.19, z=692.13] died, message: 'Fletcher was slain by Zombie'
[15:23:42] [Server thread/INFO]: [Not Secure] <Leytter> CORRALE
[15:24:34] [Server thread/INFO]: [Not Secure] <Leytter> DIABLO
[15:25:12] [Server thread/INFO]: [Not Secure] <Leytter> monstruos
[15:25:23] [Server thread/INFO]: [Not Secure] <Leytter> cerca
[15:31:01] [Server thread/INFO]: [Not Secure] <Leytter> 1360 5300
[15:31:08] [Server thread/INFO]: [Not Secure] <Jmat_2> 1360 5300
[15:31:15] [Server thread/WARN]: Leytter moved too quickly! 17.854017491154536,-0.7200000570295231,1.2923550728913824
[15:31:27] [Server thread/WARN]: Leytter moved too quickly! -17.032992269364513,-3.1918629134723204,3.5723114324083554
[15:31:27] [Server thread/INFO]: [Not Secure] <Leytter> ZI
[15:31:32] [Server thread/WARN]: Leytter moved too quickly! -17.177608523217714,-2.5291956470824104,3.7860645619367688
[15:31:49] [Server thread/INFO]: [Not Secure] <Leytter> 9
[15:32:08] [Server thread/WARN]: Leytter moved too quickly! -8.993821002296045,7.311437117147165,14.04351816323333
[15:32:11] [Server thread/WARN]: Leytter moved too quickly! -9.939329722990806,3.694772209391644,14.712817454349874
[15:32:24] [Server thread/WARN]: Leytter moved too quickly! -12.185247298482864,0.6032473147234327,13.425640751092374
[15:32:28] [Server thread/WARN]: Leytter moved too quickly! -12.240016296667818,0.633071755872237,13.485984942385016
[15:32:44] [Server thread/WARN]: Leytter moved too quickly! -11.12996762190187,-1.50445079550056,13.460287397149614
[15:32:50] [Server thread/WARN]: Leytter moved too quickly! -11.328902436978979,-0.4721848301983016,13.7008738817824
[15:33:01] [Server thread/WARN]: Leytter moved too quickly! -11.650858207977763,3.048371628491111,14.09023864491951
[15:33:15] [Server thread/WARN]: Jmat_2 moved wrongly!
[15:33:18] [Server thread/WARN]: Leytter moved too quickly! -10.98131172385547,3.258455787563321,13.280506900120372
[15:34:05] [Server thread/WARN]: Jmat_2 moved too quickly! 0.5555692592445212,-1.8133799120994638,17.34453509667128
[15:34:09] [Server thread/WARN]: Leytter was kicked for floating too long!
[15:34:09] [Server thread/INFO]: Leytter lost connection: Flying is not enabled on this server
[15:34:09] [Server thread/INFO]: Leytter left the game
[15:34:15] [Server thread/INFO]: Leytter[/127.194.163.136:53427] logged in with entity id 48212 at (1369.0274755358594, 64.24918707874468, 1934.2070828239603)
[15:34:16] [Server thread/INFO]: Leytter joined the game
[15:34:16] [Server thread/WARN]: Jmat_2 moved too quickly! 0.5867427992179728,-1.9935394322678235,17.577823544812418
[15:34:46] [Server thread/WARN]: Leytter moved too quickly! -0.5831588738158189,5.394634305566839,17.272547383264282
[15:35:16] [Server thread/WARN]: Leytter moved too quickly! -0.0019134275958094804,11.55812019048733,14.61004926216583
[15:35:18] [Server thread/WARN]: Leytter moved too quickly! -0.0017971754834888998,12.293155522910752,13.722401828739294
[15:35:27] [Server thread/WARN]: Jmat_2 moved too quickly! 3.132969894724056,4.159891641935701,16.65661485099463
[15:35:30] [Server thread/WARN]: Jmat_2 moved too quickly! 15.640228626641601,-1.8698302137819383,8.740485382788847
[15:35:30] [Server thread/WARN]: Leytter moved too quickly! -0.0020838411421664205,9.124073888983276,15.91124837734742
[15:35:38] [Server thread/WARN]: Jmat_2 moved too quickly! -7.210789193482924,-4.563157097678811,16.0853999379824
[15:35:38] [Server thread/WARN]: Leytter moved too quickly! -0.0015985820300556952,12.577319525905182,12.206033956007559
[15:35:46] [Server thread/WARN]: Leytter moved too quickly! -0.0015817668809177121,12.741091572039181,12.077641243760809
[15:35:49] [Server thread/WARN]: Leytter moved too quickly! -0.0016116097961003106,13.886162361866582,12.305507958738417
[15:35:49] [Server thread/WARN]: Jmat_2 moved too quickly! -12.357027930260301,-8.040416476554583,10.54385726327564
[15:35:54] [Server thread/WARN]: Jmat_2 moved too quickly! -13.182578598037708,-5.639398851660275,11.416455499208496
[15:36:01] [Server thread/WARN]: Leytter moved too quickly! -0.006947794881398295,14.116259711907105,10.794015718683113
[15:36:30] [Server thread/WARN]: Leytter moved too quickly! 0.5383416713243605,14.94275916331685,10.312528523144465
[15:36:48] [Server thread/WARN]: Leytter moved too quickly! -16.939150422424063,-4.531346069210258,-2.0622080856705907
[15:36:54] [Server thread/WARN]: Leytter moved too quickly! -17.53053277275467,-6.5664150531627,-0.531263503178252
[15:37:01] [Server thread/WARN]: Leytter moved too quickly! -1.73980382953755,-5.664858291089558,17.552357229147674
[15:37:10] [Server thread/WARN]: Leytter moved too quickly! 17.697718124903076,-3.486954085286243,0.8492197857158317
[15:37:10] [Server thread/WARN]: Jmat_2 moved too quickly! -17.126589832210584,-1.0422141286256021,5.029825818746758
[15:37:20] [Server thread/WARN]: Leytter moved too quickly! 14.331886466623018,-2.6659785335393735,-10.720000813497336
[15:37:52] [Server thread/WARN]: Leytter moved too quickly! -4.568514637694307,-4.631125230298949,-16.536358376332828
[15:38:14] [Server thread/INFO]: [Not Secure] <Leytter> andeldiablo
[15:38:17] [Server thread/WARN]: Leytter moved too quickly! -0.9094318923064293,-7.694442879329699,-17.539463847532716
[15:38:21] [Server thread/WARN]: Leytter moved too quickly! -1.238060085954885,-18.30833892194846,-4.839145382779861
[15:38:24] [Server thread/WARN]: Leytter moved too quickly! -1.2241249051962768,-18.519863968892764,-2.7391112373306896
[15:38:31] [Server thread/WARN]: Leytter moved too quickly! -3.7106966396972894,-16.95147217728686,-8.406538340901989
[15:38:32] [Server thread/INFO]: [Not Secure] <Leytter> wa popear
[15:38:46] [Server thread/WARN]: Leytter moved too quickly! 1.5468856580121155,-3.1259343743796535,17.515002244901552
[15:38:48] [Server thread/INFO]: [Not Secure] <Leytter> 3600 6900
[15:39:17] [Server thread/INFO]: [Not Secure] <Leytter> ni idea
[15:39:26] [Server thread/INFO]: [Not Secure] <Leytter> 12
[15:39:27] [Server thread/WARN]: Leytter moved too quickly! 14.674031908764164,-1.8319906258677179,12.037668285756808
[15:39:44] [Server thread/WARN]: Leytter moved too quickly! 14.413150708691319,-1.8579561540216218,11.9197126863819
[15:39:49] [Server thread/WARN]: Leytter moved too quickly! 14.326516133868154,-1.6807040215409756,10.969863546114993
[15:39:59] [Server thread/INFO]: [Not Secure] <Leytter> estaba en 1000 de altura
[15:40:06] [Server thread/WARN]: Jmat_2 moved too quickly! 9.369247767705474,15.01543493534021,-0.6517016122288624
[15:40:06] [Server thread/WARN]: Leytter moved too quickly! 10.028021131199239,12.433561122935714,7.389706846096942
[15:40:10] [Server thread/WARN]: Can't keep up! Is the server overloaded? Running 2278ms or 45 ticks behind
[15:40:10] [Server thread/WARN]: Jmat_2 moved too quickly! 8.528275855572474,16.209432441212527,0.638429920636554
[15:40:10] [Server thread/WARN]: Leytter moved too quickly! 9.494185518200993,13.195955636582141,6.996320290732001
[15:40:15] [Server thread/WARN]: Leytter moved too quickly! 12.601243056834846,-7.693724180704578,9.262896898486815
[15:40:15] [Server thread/WARN]: Jmat_2 moved too quickly! 11.570765838260968,0.6122245224746621,12.958601497641212
[15:40:20] [Server thread/WARN]: Jmat_2 moved too quickly! 6.202023931753274,14.685372893351143,9.008407406138758
[15:40:20] [Server thread/WARN]: Leytter moved too quickly! 13.439390530000765,5.464358678190081,9.839848608774446
[15:40:24] [Server thread/WARN]: Leytter moved too quickly! 9.862690060345358,13.951315301994896,7.221289237942983
[15:40:24] [Server thread/WARN]: Jmat_2 moved too quickly! 4.721903369459824,16.21079371530749,6.024328065880582
[15:40:25] [Server thread/INFO]: [Not Secure] <Leytter> todo negro
[15:40:30] [Server thread/WARN]: Leytter moved too quickly! 10.487206338135366,12.28302043448707,7.678549137012396
[15:40:30] [Server thread/WARN]: Jmat_2 moved too quickly! 11.30318113255339,-2.2866711455195627,14.217724910438847
[15:40:32] [Server thread/WARN]: Leytter moved too quickly! 9.312761133942786,13.091151094155975,6.818640892150597
[15:40:40] [Server thread/WARN]: Leytter moved too quickly! 10.892493591828497,11.800776162361103,7.975293702973886
[15:40:40] [Server thread/WARN]: Jmat_2 moved too quickly! 9.85330723052516,-1.8925830249896762,14.367357381963302
[15:40:48] [Server thread/WARN]: Leytter moved too quickly! 7.751893120321711,15.103740018178314,5.530966544123203
[15:40:55] [Server thread/WARN]: Jmat_2 moved too quickly! 9.922443871676478,-2.2358143765174248,14.468524927516228
[15:40:57] [Server thread/WARN]: Leytter moved too quickly! 7.437770835218544,15.381265475163787,5.3068408145190915
[15:41:02] [Server thread/WARN]: Leytter moved too quickly! 6.64084250932774,15.406185739416742,4.738233383559873
[15:41:06] [Server thread/WARN]: Leytter moved too quickly! 6.5458237633879435,15.96351752766634,4.640198012312339
[15:41:25] [Server thread/WARN]: Leytter moved too quickly! 10.259117097059061,14.333709725824065,6.256528920543133
[15:41:40] [Server thread/WARN]: Leytter moved too quickly! 11.336631186783052,4.024926765136797,13.38951926870186
[15:41:45] [Server thread/INFO]: Jmat_2 lost connection: Disconnected
[15:41:45] [Server thread/INFO]: Jmat_2 left the game
[15:41:59] [Server thread/WARN]: Leytter moved too quickly! 6.118813072700959,-15.109490769719287,8.27488499318224
[15:42:06] [Server thread/WARN]: Leytter moved too quickly! 0.9051685613135305,-19.838492353681204,1.1983709501823796
[15:42:12] [Server thread/WARN]: Leytter moved too quickly! 0.43399372512203627,-18.322817850056367,0.6067517262381443
[15:42:17] [Server thread/WARN]: Leytter moved too quickly! 1.3474703476258583,-18.978712823584374,1.8062272329398184
[15:42:27] [Server thread/WARN]: Leytter moved too quickly! 11.619624537006985,-10.94356482534397,11.298296016734184
[15:42:47] [Server thread/INFO]: Jmat_2[/127.31.58.135:43311] logged in with entity id 55730 at (2317.2877715841946, 162.06038165960106, 6035.052350859178)
[15:42:47] [Server thread/INFO]: Jmat_2 joined the game
[15:43:29] [Server thread/INFO]: [Not Secure] <Leytter> 3600 6900
[15:44:47] [Server thread/WARN]: Leytter moved too quickly! 0.394111768998755,8.38407210591447,16.054331828862814
[15:44:57] [Server thread/WARN]: Leytter moved too quickly! 0.3605107794887772,11.246163786395186,14.68557940210394
[15:45:05] [Server thread/WARN]: Leytter moved too quickly! 0.7509260894812542,9.927429012357436,14.385799239541484
[15:45:13] [Server thread/WARN]: Leytter moved too quickly! 0.4271830288021192,12.134890521183138,13.919328989682072
[15:47:13] [Server thread/WARN]: Leytter moved too quickly! 6.595350735512966,-2.287372830507593,16.42528099798892
[15:47:20] [Server thread/WARN]: Leytter moved too quickly! 10.973217305523121,-11.463080155187697,10.832493698025246
[15:47:24] [Server thread/WARN]: Leytter moved too quickly! 14.907641387310832,-10.86646144321179,0.7687538362952182
[15:51:06] [Server thread/WARN]: Mismatch in destroy block pos: iz{x=3617, y=64, z=6760} iz{x=3617, y=62, z=6760}
[15:51:06] [Server thread/WARN]: Mismatch in destroy block pos: iz{x=3616, y=64, z=6761} iz{x=3616, y=62, z=6760}
[15:51:27] [Server thread/INFO]: [Not Secure] <Jmat_2> 3670 6750
